-------------------------------------------------------------------------------
Test set: com.stack.StackImplTest
-------------------------------------------------------------------------------
Tests run: 1, Failures: 0, Errors: 1, Skipped: 0, Time elapsed: 0.108 sec <<< FAILURE!
initializationError0(com.stack.StackImplTest)  Time elapsed: 0.019 sec  <<< ERROR!
java.lang.Exception: Method testPush should have no parameters
	at org.junit.internal.runners.MethodValidator.validateTestMethods(MethodValidator.java:80)
	at org.junit.internal.runners.MethodValidator.validateInstanceMethods(MethodValidator.java:28)
	at org.junit.internal.runners.MethodValidator.validateMethodsForDefaultRunner(MethodValidator.java:43)
	at org.junit.internal.runners.JUnit4ClassRunner.validate(JUnit4ClassRunner.java:36)
	at org.junit.internal.runners.JUnit4ClassRunner.<init>(JUnit4ClassRunner.java:27)
	at sun.reflect.NativeConstructorAccessorImpl.newInstance0(Native Method)
	at sun.reflect.NativeConstructorAccessorImpl.newInstance(NativeConstructorAccessorImpl.java:62)
	at sun.reflect.DelegatingConstructorAccessorImpl.newInstance(DelegatingConstructorAccessorImpl.java:45)
	at java.lang.reflect.Constructor.newInstance(Constructor.java:408)
	at org.junit.internal.requests.ClassRequest.buildRunner(ClassRequest.java:33)
	at org.junit.internal.requests.ClassRequest.getRunner(ClassRequest.java:28)
	at org.apache.maven.surefire.junit4.JUnit4TestSet.execute(JUnit4TestSet.java:51)
	at org.apache.maven.surefire.junit4.JUnit4Provider.executeTestSet(JUnit4Provider.java:123)
	at org.apache.maven.surefire.junit4.JUnit4Provider.invoke(JUnit4Provider.java:104)
	at sun.reflect.NativeMethodAccessorImpl.invoke0(Native Method)
	at sun.reflect.NativeMethodAccessorImpl.invoke(NativeMethodAccessorImpl.java:62)
	at sun.reflect.DelegatingMethodAccessorImpl.invoke(DelegatingMethodAccessorImpl.java:43)
	at java.lang.reflect.Method.invoke(Method.java:483)
	at org.apache.maven.surefire.util.ReflectionUtils.invokeMethodWithArray(ReflectionUtils.java:164)
	at org.apache.maven.surefire.booter.ProviderFactory$ProviderProxy.invoke(ProviderFactory.java:110)
	at org.apache.maven.surefire.booter.SurefireStarter.invokeProvider(SurefireStarter.java:175)
	at org.apache.maven.surefire.booter.SurefireStarter.runSuitesInProcessWhenForked(SurefireStarter.java:107)
	at org.apache.maven.surefire.booter.ForkedBooter.main(ForkedBooter.java:68)
